\BOOKMARK [1][-]{section.1}{Presentation}{}% 1
\BOOKMARK [2][-]{subsection.1.1}{The copositive cone}{section.1}% 2
\BOOKMARK [2][-]{subsection.1.2}{Parrilo cones and sums of squares}{section.1}% 3
\BOOKMARK [1][-]{section.2}{Numerical certificate of exactness}{}% 4
\BOOKMARK [2][-]{subsection.2.1}{Generation of random instances}{section.2}% 5
\BOOKMARK [2][-]{subsection.2.2}{Certify a matrix is in the Parrilo cone}{section.2}% 6
\BOOKMARK [2][-]{subsection.2.3}{Implementation of the semi-definite program and results}{section.2}% 7
\BOOKMARK [2][-]{subsection.2.4}{Solving the SDP : issues tackled}{section.2}% 8
\BOOKMARK [1][-]{section.3}{Structure of the SOS decomposition}{}% 9
\BOOKMARK [2][-]{subsection.3.1}{Family 1}{section.3}% 10
\BOOKMARK [2][-]{subsection.3.2}{Family 2}{section.3}% 11
\BOOKMARK [2][-]{subsection.3.3}{Family 3}{section.3}% 12
\BOOKMARK [2][-]{subsection.3.4}{Family 4}{section.3}% 13
\BOOKMARK [2][-]{subsection.3.5}{Family 5}{section.3}% 14
\BOOKMARK [1][-]{section.4}{Analytical certificate of exactness}{}% 15
\BOOKMARK [2][-]{subsection.4.1}{SOS decomposition as a function of angles}{section.4}% 16
\BOOKMARK [2][-]{subsection.4.2}{SOS decomposition and the kernels of the special matrices}{section.4}% 17
\BOOKMARK [2][-]{subsection.4.3}{Certificate of exactness for each family}{section.4}% 18
\BOOKMARK [2][-]{subsection.4.4}{Questions still not answered}{section.4}% 19
\BOOKMARK [1][-]{section.5}{Conclusion}{}% 20
\BOOKMARK [1][-]{appendix.A}{Introduction}{}% 21
\BOOKMARK [2][-]{subsection.A.1}{Copositive matrices}{appendix.A}% 22
\BOOKMARK [2][-]{subsection.A.2}{Sum of Squares}{appendix.A}% 23
\BOOKMARK [2][-]{subsection.A.3}{Sum of Squares}{appendix.A}% 24
\BOOKMARK [1][-]{appendix.B}{Semi-definite programming}{}% 25
\BOOKMARK [2][-]{subsection.B.1}{Generation of instances of the special matrices}{appendix.B}% 26
